/home/amahon/research/deep_homology/chofer_nips2017/tda-toolkit/pershombox/_software_backends/resource_handler.py:91: UserWarning: The following backends are not properly configured
hera_wasserstein_dist
Using stuff dependent on those backends will cause runtime errors.
You can get all errors by calling pershombox.get_backend_cfg_errors().

  warnings.warn(error_text, UserWarning)
Using TensorFlow backend.
Traceback (most recent call last):
  File "slayer_network_rgb.py", line 432, in <module>
    mean = train_network(params)
  File "slayer_network_rgb.py", line 397, in train_network
    trainer.run()
  File "/home/amahon/research/deep_homology/chofer_nips2017/chofer_torchex/chofer_torchex/utils/trainer/trainer.py", line 93, in run
    self.events.post_epoch(self._get_default_event_kwargs(), trainer=self)
  File "/home/amahon/research/deep_homology/chofer_nips2017/chofer_torchex/chofer_torchex/utils/trainer/trainer.py", line 18, in __call__
    callback(**kwargs)
  File "/home/amahon/research/deep_homology/chofer_nips2017/chofer_torchex/chofer_torchex/utils/trainer/plugins/scores.py", line 58, in post_epoch_handler
    self.losses[epoch_count] = log_loss(target_list, predictions_list, labels=test_data.dataset.labels)
NameError: name 'test_data' is not defined
dir_27_red', 'dim_0_dir_28_red', 'dim_0_dir_29_red', 'dim_0_dir_3_red', 'dim_0_dir_30_red', 'dim_0_dir_31_red', 'dim_0_dir_4_red', 'dim_0_dir_5_red', 'dim_0_dir_6_red', 'dim_0_dir_7_red', 'dim_0_dir_8_red', 'dim_0_dir_9_red', 'dim_0_dir_0_green', 'dim_0_dir_1_green', 'dim_0_dir_10_green', 'dim_0_dir_11_green', 'dim_0_dir_12_green', 'dim_0_dir_13_green', 'dim_0_dir_14_green', 'dim_0_dir_15_green', 'dim_0_dir_16_green', 'dim_0_dir_17_green', 'dim_0_dir_18_green', 'dim_0_dir_19_green', 'dim_0_dir_2_green', 'dim_0_dir_20_green', 'dim_0_dir_21_green', 'dim_0_dir_22_green', 'dim_0_dir_23_green', 'dim_0_dir_24_green', 'dim_0_dir_25_green', 'dim_0_dir_26_green', 'dim_0_dir_27_green', 'dim_0_dir_28_green', 'dim_0_dir_29_green', 'dim_0_dir_3_green', 'dim_0_dir_30_green', 'dim_0_dir_31_green', 'dim_0_dir_4_green', 'dim_0_dir_5_green', 'dim_0_dir_6_green', 'dim_0_dir_7_green', 'dim_0_dir_8_green', 'dim_0_dir_9_green', 'dim_0_dir_0_blue', 'dim_0_dir_1_blue', 'dim_0_dir_10_blue', 'dim_0_dir_11_blue', 'dim_0_dir_12_blue', 'dim_0_dir_13_blue', 'dim_0_dir_14_blue', 'dim_0_dir_15_blue', 'dim_0_dir_16_blue', 'dim_0_dir_17_blue', 'dim_0_dir_18_blue', 'dim_0_dir_19_blue', 'dim_0_dir_2_blue', 'dim_0_dir_20_blue', 'dim_0_dir_21_blue', 'dim_0_dir_22_blue', 'dim_0_dir_23_blue', 'dim_0_dir_24_blue', 'dim_0_dir_25_blue', 'dim_0_dir_26_blue', 'dim_0_dir_27_blue', 'dim_0_dir_28_blue', 'dim_0_dir_29_blue', 'dim_0_dir_3_blue', 'dim_0_dir_30_blue', 'dim_0_dir_31_blue', 'dim_0_dir_4_blue', 'dim_0_dir_5_blue', 'dim_0_dir_6_blue', 'dim_0_dir_7_blue', 'dim_0_dir_8_blue', 'dim_0_dir_9_blue']
Creating trainer
Running training
                                                  Epoch 1/100 Batch 1/9 (11.11 %)                                                  Epoch 1/100 Batch 2/9 (22.22 %)                                                  Epoch 1/100 Batch 3/9 (33.33 %)                                                  Epoch 1/100 Batch 4/9 (44.44 %)                                                  Epoch 1/100 Batch 5/9 (55.56 %)                                                  Epoch 1/100 Batch 6/9 (66.67 %)                                                  Epoch 1/100 Batch 7/9 (77.78 %)                                                  Epoch 1/100 Batch 8/9 (88.89 %)                                                  Epoch 1/100 Batch 9/9 (100.00 %)
testing... 