{'colour_mode': 'rgb', 'data_path': 'h5images_short/resampled_16x16_directions_32_histnorm', 'epochs': 100, 'momentum': 0.9, 'lr_start': 0.05, 'lr_ep_step': 1, 'lr_adaption': 0.5, 'test_ratio': 0.1, 'batch_size': 8, 'directions': 32, 'resampled_size': (16, 16), 'sat_key': 'tmp.csv', 'cuda': False}
Data setup...
Loading providers
Merging providers
Create data loader...
Creating network
['dim_0_dir_0_red', 'dTraceback (most recent call last):
  File "slayer_network_rgb.py", line 437, in <module>
    mean = train_network(params)
  File "slayer_network_rgb.py", line 402, in train_network
    trainer.run()
  File "/home/amahon/research/deep_homology/chofer_nips2017/chofer_torchex/chofer_torchex/utils/trainer/trainer.py", line 92, in run
    self._train_epoch()
  File "/home/amahon/research/deep_homology/chofer_nips2017/chofer_torchex/chofer_torchex/utils/trainer/trainer.py", line 129, in _train_epoch
    self.optimizer.step(closure)
  File "/home/amahon/.local/lib/python3.7/site-packages/torch/optim/sgd.py", line 80, in step
    loss = closure()
  File "/home/amahon/research/deep_homology/chofer_nips2017/chofer_torchex/chofer_torchex/utils/trainer/trainer.py", line 118, in closure
    batch_output = self.model(batch_input)
  File "/home/amahon/.local/lib/python3.7/site-packages/torch/nn/modules/module.py", line 493, in __call__
    result = self.forward(*input, **kwargs)
  File "slayer_network_rgb.py", line 225, in forward
    print(x.shape())
TypeError: 'torch.Size' object is not callable
_29_green', 'dim_0_dir_3_green', 'dim_0_dir_30_green', 'dim_0_dir_31_green', 'dim_0_dir_4_green', 'dim_0_dir_5_green', 'dim_0_dir_6_green', 'dim_0_dir_7_green', 'dim_0_dir_8_green', 'dim_0_dir_9_green', 'dim_0_dir_0_blue', 'dim_0_dir_1_blue', 'dim_0_dir_10_blue', 'dim_0_dir_11_blue', 'dim_0_dir_12_blue', 'dim_0_dir_13_blue', 'dim_0_dir_14_blue', 'dim_0_dir_15_blue', 'dim_0_dir_16_blue', 'dim_0_dir_17_blue', 'dim_0_dir_18_blue', 'dim_0_dir_19_blue', 'dim_0_dir_2_blue', 'dim_0_dir_20_blue', 'dim_0_dir_21_blue', 'dim_0_dir_22_blue', 'dim_0_dir_23_blue', 'dim_0_dir_24_blue', 'dim_0_dir_25_blue', 'dim_0_dir_26_blue', 'dim_0_dir_27_blue', 'dim_0_dir_28_blue', 'dim_0_dir_29_blue', 'dim_0_dir_3_blue', 'dim_0_dir_30_blue', 'dim_0_dir_31_blue', 'dim_0_dir_4_blue', 'dim_0_dir_5_blue', 'dim_0_dir_6_blue', 'dim_0_dir_7_blue', 'dim_0_dir_8_blue', 'dim_0_dir_9_blue']
Creating trainer
Running training
tensor([[[0.0163, 0.5870, 0.1069,  ..., 0.1006, 0.0040, 0.7880],
         [0.0028, 0.3531, 0.0313,  ..., 0.0275, 0.0053, 0.4735],
         [0.0304, 0.6043, 0.1441,  ..., 0.1619, 0.0024, 0.9020],
         ...,
         [0.0028, 0.3531, 0.0313,  ..., 0.0275, 0.0053, 0.4735],
         [0.0032, 0.5431, 0.0594,  ..., 0.0245, 0.0220, 0.4230],
         [0.0163, 0.5870, 0.1069,  ..., 0.1006, 0.0040, 0.7880]],

        [[0.0395, 0.6930, 0.1940,  ..., 0.1856, 0.0030, 0.9149],
         [0.0755, 0.9686, 0.5546,  ..., 0.1947, 0.0162, 0.6060],
         [0.0170, 0.4367, 0.0765,  ..., 0.1150, 0.0015, 0.8150],
         ...,
         [0.0755, 0.9686, 0.5546,  ..., 0.1947, 0.0162, 0.6060],
         [0.0746, 0.9688, 0.5382,  ..., 0.1971, 0.0102, 0.6248],
         [0.0395, 0.6930, 0.1940,  ..., 0.1856, 0.0030, 0.9149]],

        [[0.0163, 0.5870, 0.1069,  ..., 0.1006, 0.0040, 0.7880],
         [0.0028, 0.3531, 0.0313,  ..., 0.0275, 0.0053, 0.4735],
         [0.0304, 0.6043, 0.1441,  ..., 0.1619, 0.0024, 0.9020],
         ...,
         [0.0028, 0.3531, 0.0313,  ..., 0.0275, 0.0053, 0.4735],
         [0.0032, 0.5431, 0.0594,  ..., 0.0245, 0.0220, 0.4230],
         [0.0163, 0.5870, 0.1069,  ..., 0.1006, 0.0040, 0.7880]],

        ...,

        [[0.0395, 0.6930, 0.1940,  ..., 0.1856, 0.0030, 0.9149],
         [0.0755, 0.9686, 0.5546,  ..., 0.1947, 0.0162, 0.6060],
         [0.0170, 0.4367, 0.0765,  ..., 0.1150, 0.0015, 0.8150],
         ...,
         [0.0755, 0.9686, 0.5546,  ..., 0.1947, 0.0162, 0.6060],
         [0.0746, 0.9688, 0.5382,  ..., 0.1971, 0.0102, 0.6248],
         [0.0395, 0.6930, 0.1940,  ..., 0.1856, 0.0030, 0.9149]],

        [[0.0163, 0.5870, 0.1069,  ..., 0.1006, 0.0040, 0.7880],
         [0.0028, 0.3531, 0.0313,  ..., 0.0275, 0.0053, 0.4735],
         [0.0304, 0.6043, 0.1441,  ..., 0.1619, 0.0024, 0.9020],
         ...,
         [0.0028, 0.3531, 0.0313,  ..., 0.0275, 0.0053, 0.4735],
         [0.0032, 0.5431, 0.0594,  ..., 0.0245, 0.0220, 0.4230],
         [0.0163, 0.5870, 0.1069,  ..., 0.1006, 0.0040, 0.7880]],

        [[0.0163, 0.5870, 0.1069,  ..., 0.1006, 0.0040, 0.7880],
         [0.0028, 0.3531, 0.0313,  ..., 0.0275, 0.0053, 0.4735],
         [0.0304, 0.6043, 0.1441,  ..., 0.1619, 0.0024, 0.9020],
         ...,
         [0.0028, 0.3531, 0.0313,  ..., 0.0275, 0.0053, 0.4735],
         [0.0032, 0.5431, 0.0594,  ..., 0.0245, 0.0220, 0.4230],
         [0.0163, 0.5870, 0.1069,  ..., 0.1006, 0.0040, 0.7880]]],
       grad_fn=<CatBackward>)
