{'colour_mode': 'rgb', 'data_path': 'h5images_short/resampled_16x16_directions_32_histnorm', 'epochs': 100, 'momentum': 0.9, 'lr_start': 0.0005, 'lr_ep_step': 5, 'lr_adaption': 0.5, 'test_ratio': 0.1, 'batch_size': 8, 'directions': 32, 'resampled_size': (16, 16), 'sat_key': '100_epoch_lr_00005_quick_lr_2_convs_dense_linear_one_layer_AdaptiveMaxPool32_shore', 'cuda': False}
Data setup...
Loading providers
Merging providers
Create data loader...
Creating network
['dim_0_dir_0_red', 'dim_0_dir_1_red', 'dim_0_dir_10_red', 'dim_0_dir_11_red', 'dim_0_dir_12_red', 'dim_0_dir_13_red', 'dim_0_dir_14_red', 'dim_0_dir_15_red', 'dim_0_dir_16_red', 'dim_0_dir_17_red', 'dim_0_dir_18_red', 'dim_0_dir_19_red', 'dim_0_dir_2_red', 'dim_0_dir_20_red', 'dim_0_dir_21_red', 'dim_0_dir_22_red', 'dim_0_dir_23_red', 'dim_0_dir_24_red', 'dim_0_dir_25_red', 'dim_0_dir_26_red', 'dim_0_dir_27_red', 'dim_0_dir_28_red', 'dim_0_dir_29_red', 'dim_0_dir_3_red', 'dim_0_dir_30_red', 'dim_0_dir_31_red', 'dim_0_dir_4_red', 'dim_0_dir_5_red', 'dim_0_dir_6_red', 'dim_0_dir_7_red', 'dim_0_dir_8_red', 'dim_0_dir_9_red', 'dim_0_dir_0_green', 'dim_0_dir_1_green', 'dim_0_dir_10_green', 'dim_0_dir_11_green', 'dim_0_dir_12_green', 'dim_0_dir_13_green', 'dim_0_dir_14_green', 'dim_0_dir_15_green', 'dim_0_dir_16_green', 'dim_0_dir_17_green', 'dim_0_dir_18_green', 'dim_0_dir_19_green', 'dim_0_dir_2_green', 'dim_0_dir_20_green', 'dim_0_dir_21_green', 'dim_0_dir_22_green', 'dim_0_dir_23_green', 'dim_0_dir_24_green', 'dim_0_dir_25_green', 'dim_0_dir_26_green', 'dim_0_dir_27_green', 'dim_0_dir_28_green', 'dim_0_dir_29_green', 'dim_0_dir_3_green', 'dim_0_dir_30_green', 'dim_0_dir_31_green', 'dim_0_dir_4_green', 'dim_0_dir_5_green', 'dim_0_dir_6_green', 'dim_0_dir_7_green', 'dim_0_dir_8_green', 'dim_0_dir_9_green', 'dim_0_dir_0_blue', 'dim_0_dir_1_blue', 'dim_0_dir_10_blue', 'dim_0_dir_11_blue', 'dim_0_dir_12_blue', 'dim_0_dir_13_blue', 'dim_0_dir_14_blue', 'dim_0_dir_15_blue', 'dim_0_dir_16_blue', 'dim_0_dir_17_blue', 'dim_0_dir_18_blue', 'dim_0_dir_19_blue', 'dim_0_dir_2_blue', 'dim_0_dir_20_blue', 'dim_0_dir_21_blue', 'dim_0_dir_22_blue', 'dim_0_dir_23_blue', 'dim_0_dir_24_blue', 'dim_0_dir_25_blue', 'dim_0_dir_26_blue', 'dim_0_dir_27_blue', 'dim_0_dir_28_blue', 'dim_0_dir_29_blue', 'dim_0_dir_3_blue', 'dim_0_dir_30_blue', 'dim_0_dir_31_blue', 'dim_0_dir_4_blue', 'dim_0_dir_5_blue', 'dim_0_dir_6_blue', 'dim_0_dir_7_blue', 'dim_0_dir_8_blue', 'dim_0_dir_9_blue']
Creating trainer
Running training
                                                  Epoch 1/100 Batch 1/9 (11.11 %)                                                  Epoch 1/100 Batch 2/9 (22.22 %)                                                  Epoch 1/100 Batch 3/9 (33.33 %)                                                  Epoch 1/100 Batch 4/9 (44.44 %)                                                  Epoch 1/100 Batch 5/9 (55.56 %)                                                  Epoch 1/100 Batch 6/9 (66.67 %)                                                  Epoch 1/100 Batch 7/9 (77.78 %)                                                  Epoch 1/100 Batch 8/9 (88.89 %)                                                  Epoch 1/100 Batch 9/9 (100.00 %)
testing... tensor([[-0.0028,  0.0634,  0.0422,  ..., -0.0246,  0.0349,  0.0673],
        [-0.0028,  0.0634,  0.0422,  ..., -0.0246,  0.0349,  0.0673],
        [-0.0028,  0.0634,  0.0422,  ..., -0.0246,  0.0349,  0.0673],
        ...,
        [-0.0028,  0.0634,  0.0422,  ..., -0.0246,  0.0349,  0.0673],
        [-0.0028,  0.0634,  0.0422,  ..., -0.0246,  0.0349,  0.0673],
        [-0.0028,  0.0634,  0.0422,  ..., -0.0246,  0.0349,  0.0673]])
tensor([[0, 0, 0,  ..., 0, 0, 0],
        [0, 0, 0,  ..., 0, 0, 0],
        [0, 0, 0,  ..., 0, 0, 0],
        ...,
        [0, 0, 0,  ..., 0, 0, 0],
        [0, 0, 0,  ..., 0, 0, 0],
        [0, 0, 0,  ..., 0, 0, 0]])
Traceback (most recent call last):
  File "slayer_network_rgb.py", line 432, in <module>
    mean = train_network(params)
  File "slayer_network_rgb.py", line 397, in train_network
    trainer.run()
  File "/home/amahon/research/deep_homology/chofer_nips2017/chofer_torchex/chofer_torchex/utils/trainer/trainer.py", line 93, in run
    self.events.post_epoch(self._get_default_event_kwargs(), trainer=self)
  File "/home/amahon/research/deep_homology/chofer_nips2017/chofer_torchex/chofer_torchex/utils/trainer/trainer.py", line 18, in __call__
    callback(**kwargs)
  File "/home/amahon/research/deep_homology/chofer_nips2017/chofer_torchex/chofer_torchex/utils/trainer/plugins/scores.py", line 60, in post_epoch_handler
    probabilities_list += probabilities
TypeError: add(): argument 'other' (position 1) must be Tensor, not list
