{'484': '010.Red_winged_Blackbird/Red_Winged_Blackbird_0091_4096.jpg', '485': '010.Red_winged_Blackbird/Red_Winged_Blackbird_0059_4612.jpg', '486': '010.Red_winged_Blackbird/Red_Winged_Blackbird_0054_4625.jpg', '487': '010.Red_winged_Blackbird/Red_Winged_Blackbird_0022_4483.jpg', '488': '010.Red_winged_Blackbird/Red_Winged_Blackbird_0017_4116.jpg', '489': '010.Red_winged_Blackbird/Red_Winged_Blackbird_0079_4527.jpg', '490': '010.Red_winged_Blackbird/Red_Winged_Blackbird_0075_4953.jpg', '491': '010.Red_winged_Blackbird/Red_Winged_Blackbird_0005_5636.jpg', '492': '010.Red_winged_Blackbird/Red_Winged_Blackbird_0058_4141.jpg', '493': '010.Red_winged_Blackbird/Red_Winged_Blackbird_0074_4146.jpg', '494': '010.Red_winged_Blackbird/Red_Winged_Blackbird_0042_3635.jpg', '495': '010.Red_winged_Blackbird/Red_Winged_Blackbird_0049_5598.jpg', '496': '010.Red_winged_Blackbird/Red_Winged_Blackbird_0023_5257.jpg', '497': '010.Red_winged_Blackbird/Red_Winged_Blackbird_0093_5948.jpg', '498': '010.Red_winged_Blackbird/Red_Winged_Blackbird_0064_4936.jpg', '499': '010.Red_winged_Blackbird/Red_Winged_Blackbird_0104_3918.jpg', '500': '010.Red_winged_Blackbird/Red_Winged_Blackbird_0060_4688.jpg', '501': '010.Red_winged_Blackbird/Red_Winged_Blackbird_0024_4180.jpg', '502': '010.Red_winged_Blackbird/Red_Winged_Blackbird_0061_4196.jpg', '503': '010.Red_winged_Blackbird/Red_Winged_Blackbird_0089_4188.jpg', '504': '010.Red_winged_Blackbird/Red_Winged_Blackbird_0101_6244.jpg', '505': '010.Red_winged_Blackbird/Red_Winged_Blackbird_0028_4709.jpg', '506': '010.Red_winged_Blackbird/Red_Winged_Blackbird_0109_4454.jpg', '507': '010.Red_winged_Blackbird/Red_Winged_Blackbird_0001_3695.jpg', '508': '010.Red_winged_Blackbird/Red_Winged_Blackbird_0053_4072.jpg', '509': '010.Red_winged_Blackbird/Red_Winged_Blackbird_0006_6005.jpg', '510': '010.Red_winged_Blackbird/Red_Winged_Blackbird_0007_3706.jpg', '511': '010.Red_winged_Blackbird/Red_Winged_Blackbird_0012_6015.jpg', '512': '010.Red_winged_Blackbird/Red_Winged_Blackbird_0013_5762.jpg', '513': '010.Red_winged_Blackbird/Red_Winged_Blackbird_0062_4233.jpg', '514': '010.Red_winged_Blackbird/Red_Winged_Blackbird_0099_3985.jpg', '515': '010.Red_winged_Blackbird/Red_Winged_Blackbird_0046_4242.jpg', '516': '010.Red_winged_Blackbird/Red_Winged_Blackbird_0071_3988.jpg', '517': '010.Red_winged_Blackbird/Red_Winged_Blackbird_0027_4123.jpg', '518': '010.Red_winged_Blackbird/Red_Winged_Blackbird_0032_4004.jpg', '519': '010.Red_winged_Blackbird/Red_Winged_Blackbird_0088_4007.jpg', '520': '010.Red_winged_Blackbird/Red_Winged_Blackbird_0040_4522.jpg', '521': '010.Red_winged_Blackbird/Red_Winged_Blackbird_0010_6386.jpg', '522': '010.Red_winged_Blackbird/Red_Winged_Blackbird_0045_4526.jpg', '523': '010.Red_winged_Blackbird/Red_Winged_Blackbird_0014_3761.jpg', '524': '010.Red_winged_Blackbird/Red_Winged_Blackbird_0021_3767.jpg', '525': '010.Red_winged_Blackbird/Red_Winged_Blackbird_0065_4026.jpg', '526': '010.Red_winged_Blackbird/Red_Winged_Blackbird_0039_4285.jpg', '527': '010.Red_winged_Blackbird/Red_Winged_Blackbird_0081_6081.jpg', '528': '010.Red_winged_Blackbird/Red_Winged_Blackbird_0029_4804.jpg', '529': '010.Red_winged_Blackbird/Red_Winged_Blackbird_0052_5575.jpg', '530': '010.Red_winged_Blackbird/Red_Winged_Blackbird_0096_5019.jpg', '531': '010.Red_winged_Blackbird/Red_Winged_Blackbird_0066_5070.jpg', '532': '010.Red_winged_Blackbird/Red_Winged_Blackbird_0009_5841.jpg', '533': '010.Red_winged_Blackbird/Red_Winged_Blackbird_0020_4050.jpg', '534': '010.Red_winged_Blackbird/Red_Winged_Blackbird_0011_5845.jpg', '535': '010.Red_winged_Blackbird/Red_Winged_Blackbird_0085_5846.jpg', '536': '010.Red_winged_Blackbird/Red_Winged_Blackbird_0047_3802.jpg', '537': '010.Red_winged_Blackbird/Red_Winged_Blackbird_0025_5342.jpg', '538': '010.Red_winged_Blackbird/Red_Winged_Blackbird_0094_5856.jpg', '539': '010.Red_winged_Blackbird/Red_Winged_Blackbird_0105_4842.jpg', '540': '010.Red_winged_Blackbird/Red_Winged_Blackbird_0072_4338.jpg', '541': '010.Red_winged_Blackbird/Red_Winged_Blackbird_0044_5621.jpg', '542': '010.Red_winged_Blackbird/Red_Winged_Blackbird_0055_4345.jpg', '543': '010.Red_winged_Blackbird/Red_Winged_Blackbird_0078_5372.jpg', '1057': '020.Yellow_breasted_Chat/Yellow_Breasted_Chat_0029_22017.jpg', '1058': '020.Yellow_breasted_Chat/Yellow_Breasted_Chat_0090_21931.jpg', '1059': '020.Yellow_breasted_Chat/Yellow_Breasted_Chat_0073_21932.jpg', '1060': '020.Yellow_breasted_Chat/Yellow_Breasted_Chat_0106_22032.jpg', '1061': '020.Yellow_breasted_Chat/Yellow_Breasted_Chat_0010_21777.jpg', '1062': '020.Yellow_breasted_Chat/Yellow_Breasted_Chat_0063_21783.jpg', '1063': '020.Yellow_breasted_Chat/Yellow_Breasted_Chat_0109_21796.jpg', '1064': '020.Yellow_breasted_Chat/Yellow_Breasted_Chat_0048_21797.jpg', '1065': '020.Yellow_breasted_Chat/Yellow_Breasted_Chat_0089_21804.jpg', '1066': '020.Yellow_breasted_Chat/Yellow_Breasted_Chat_0011_21820.jpg', '1067': '020.Yellow_breasted_Chat/Yellow_Breasted_Chat_0032_21823.jpg', '1068': '020.Yellow_breasted_Chat/Yellow_Breasted_Chat_0084_22082.jpg', '1069': '020.Yellow_breasted_Chat/Yellow_Breasted_Chat_0005_21828.jpg', '1070': '020.Yellow_breasted_Chat/Yellow_Breasted_Chat_0072_21830.jpg', '1071': '020.Yellow_breasted_Chat/Yellow_Breasted_Chat_0095_21832.jpg', '1072': '020.Yellow_breasted_Chat/Yellow_Breasted_Chat_0066_21839.jpg', '1073': '020.Yellow_breasted_Chat/Yellow_Breasted_Chat_0026_21845.jpg', '1074': '020.Yellow_breasted_Chat/Yellow_Breasted_Chat_0044_22106.jpg', '1075': '020.Yellow_breasted_Chat/Yellow_Breasted_Chat_0091_22111.jpg', '1076': '020.Yellow_breasted_Chat/Yellow_Breasted_Chat_0008_21856.jpg', '1077': '020.Yellow_breasted_Chat/Yellow_Breasted_Chat_0002_21819.jpg', '1078': '020.Yellow_breasted_Chat/Yellow_Breasted_Chat_0068_21860.jpg', '1079': '020.Yellow_breasted_Chat/Yellow_Breasted_Chat_0058_21864.jpg', '1080': '020.Yellow_breasted_Chat/Yellow_Breasted_Chat_0052_21866.jpg', '1081': '020.Yellow_breasted_Chat/Yellow_Breasted_Chat_0035_21870.jpg', '1082': '020.Yellow_breasted_Chat/Yellow_Breasted_Chat_0110_21871.jpg', '1083': '020.Yellow_breasted_Chat/Yellow_Breasted_Chat_0071_22129.jpg', '1084': '020.Yellow_breasted_Chat/Yellow_Breasted_Chat_0086_21877.jpg', '1085': '020.Yellow_breasted_Chat/Yellow_Breasted_Chat_0065_22137.jpg', '1086': '020.Yellow_breasted_Chat/Yellow_Breasted_Chat_0085_21899.jpg', '1087': '020.Yellow_breasted_Chat/Yellow_Breasted_Chat_0039_21654.jpg', '1088': '020.Yellow_breasted_Chat/Yellow_Breasted_Chat_0100_21913.jpg', '1089': '020.Yellow_breasted_Chat/Yellow_Breasted_Chat_0081_21829.jpg', '1090': '020.Yellow_breasted_Chat/Yellow_Breasted_Chat_0023_21664.jpg', '1091': '020.Yellow_breasted_Chat/Yellow_Breasted_Chat_0103_21670.jpg', '1092': '020.Yellow_breasted_Chat/Yellow_Breasted_Chat_0001_21928.jpg', '1093': '020.Yellow_breasted_Chat/Yellow_Breasted_Chat_0062_21673.jpg', '1094': '020.Yellow_breasted_Chat/Yellow_Breasted_Chat_0101_21677.jpg', '1095': '020.Yellow_breasted_Chat/Yellow_Breasted_Chat_0041_21683.jpg', '1096': '020.Yellow_breasted_Chat/Yellow_Breasted_Chat_0088_21686.jpg', '1097': '020.Yellow_breasted_Chat/Yellow_Breasted_Chat_0022_21944.jpg', '1098': '020.Yellow_breasted_Chat/Yellow_Breasted_Chat_0094_21693.jpg', '1099': '020.Yellow_breasted_Chat/Yellow_Breasted_Chat_0087_21695.jpg', '1100': '020.Yellow_breasted_Chat/Yellow_Breasted_Chat_0102_21696.jpg', '1101': '020.Yellow_breasted_Chat/Yellow_Breasted_Chat_0107_21698.jpg', '1102': '020.Yellow_breasted_Chat/Yellow_Breasted_Chat_0034_21955.jpg', '1103': '020.Yellow_breasted_Chat/Yellow_Breasted_Chat_0012_21961.jpg', '1104': '020.Yellow_breasted_Chat/Yellow_Breasted_Chat_0030_21964.jpg', '1105': '020.Yellow_breasted_Chat/Yellow_Breasted_Chat_0061_21967.jpg', '1106': '020.Yellow_breasted_Chat/Yellow_Breasted_Chat_0105_21714.jpg', '1107': '020.Yellow_breasted_Chat/Yellow_Breasted_Chat_0075_21715.jpg', '1108': '020.Yellow_breasted_Chat/Yellow_Breasted_Chat_0017_21719.jpg', '1109': '020.Yellow_breasted_Chat/Yellow_Breasted_Chat_0079_21978.jpg', '1110': '020.Yellow_breasted_Chat/Yellow_Breasted_Chat_0077_21986.jpg', '1111': '020.Yellow_breasted_Chat/Yellow_Breasted_Chat_0098_21987.jpg', '1112': '020.Yellow_breasted_Chat/Yellow_Breasted_Chat_0014_21970.jpg', '1113': '020.Yellow_breasted_Chat/Yellow_Breasted_Chat_0033_21873.jpg', '1114': '020.Yellow_breasted_Chat/Yellow_Breasted_Chat_0097_21748.jpg', '1115': '020.Yellow_breasted_Chat/Yellow_Breasted_Chat_0013_22008.jpg', '1642': '030.Fish_Crow/Fish_Crow_0068_25859.jpg', '1643': '030.Fish_Crow/Fish_Crow_0080_25861.jpg', '1644': '030.Fish_Crow/Fish_Crow_0059_25864.jpg', '1645': '030.Fish_Crow/Fish_Crow_0011_25866.jpg', '1646': '030.Fish_Crow/Fish_Crow_0067_26124.jpg', '1647': '030.Fish_Crow/Fish_Crow_0017_26127.jpg', '1648': '030.Fish_Crow/Fish_Crow_0018_25879.jpg', '1649': '030.Fish_Crow/Fish_Crow_0041_25887.jpg', '1650': '030.Fish_Crow/Fish_Crow_0078_26144.jpg', '1651': '030.Fish_Crow/Fish_Crow_0034_25891.jpg', '1652': '030.Fish_Crow/Fish_Crow_0042_26148.jpg', '1653': '030.Fish_Crow/Fish_Crow_0025_25893.jpg', '1654': '030.Fish_Crow/Fish_Crow_0081_25908.jpg', '1655': '030.Fish_Crow/Fish_Crow_0031_25909.jpg', '1656': '030.Fish_Crow/Fish_Crow_0036_25911.jpg', '1657': '030.Fish_Crow/Fish_Crow_0005_25912.jpg', '1658': '030.Fish_Crow/Fish_Crow_0033_25915.jpg', '1659': '030.Fish_Crow/Fish_Crow_0085_25919.jpg', '1660': '030.Fish_Crow/Fish_Crow_0071_25155.jpg', '1661': '030.Fish_Crow/Fish_Crow_0040_25158.jpg', '1662': '030.Fish_Crow/Fish_Crow_0051_25934.jpg', '1663': '030.Fish_Crow/Fish_Crow_0004_25936.jpg', '1664': '030.Fish_Crow/Fish_Crow_0013_25939.jpg', '1665': '030.Fish_Crow/Fish_Crow_0065_25942.jpg', '1666': '030.Fish_Crow/Fish_Crow_0072_25945.jpg', '1667': '030.Fish_Crow/Fish_Crow_0012_25946.jpg', '1668': '030.Fish_Crow/Fish_Crow_0083_25949.jpg', '1669': '030.Fish_Crow/Fish_Crow_0044_25964.jpg', '1670': '030.Fish_Crow/Fish_Crow_0028_25968.jpg', '1671': '030.Fish_Crow/Fish_Crow_0003_25970.jpg', '1672': '030.Fish_Crow/Fish_Crow_0076_25971.jpg', '1673': '030.Fish_Crow/Fish_Crow_0073_25977.jpg', '1674': '030.Fish_Crow/Fish_Crow_0010_25836.jpg', '1675': '030.Fish_Crow/Fish_Crow_0058_25999.jpg', '1676': '030.Fish_Crow/Fish_Crow_0038_26000.jpg', '1677': '030.Fish_Crow/Fish_Crow_0069_26008.jpg', '1678': '030.Fish_Crow/Fish_Crow_0082_26012.jpg', '1679': '030.Fish_Crow/Fish_Crow_0032_26014.jpg', '1680': '030.Fish_Crow/Fish_Crow_0070_25504.jpg', '1681': '030.Fish_Crow/Fish_Crow_0007_26023.jpg', '1682': '030.Fish_Crow/Fish_Crow_0061_25884.jpg', '1683': '030.Fish_Crow/Fish_Crow_0020_26027.jpg', '1684': '030.Fish_Crow/Fish_Crow_0079_26030.jpg', '1685': '030.Fish_Crow/Fish_Crow_0001_26031.jpg', '1686': '030.Fish_Crow/Fish_Crow_0023_26037.jpg', '1687': '030.Fish_Crow/Fish_Crow_0049_26040.jpg', '1688': '030.Fish_Crow/Fish_Crow_0014_26041.jpg', '1689': '030.Fish_Crow/Fish_Crow_0060_26016.jpg', '1690': '030.Fish_Crow/Fish_Crow_0022_26062.jpg', '1691': '030.Fish_Crow/Fish_Crow_0024_26064.jpg', '1692': '030.Fish_Crow/Fish_Crow_0053_26067.jpg', '1693': '030.Fish_Crow/Fish_Crow_0047_26070.jpg', '1694': '030.Fish_Crow/Fish_Crow_0037_26071.jpg', '1695': '030.Fish_Crow/Fish_Crow_0002_26072.jpg', '1696': '030.Fish_Crow/Fish_Crow_0055_26077.jpg', '1697': '030.Fish_Crow/Fish_Crow_0035_26081.jpg', '1698': '030.Fish_Crow/Fish_Crow_0063_26094.jpg', '1699': '030.Fish_Crow/Fish_Crow_0043_25847.jpg', '1700': '030.Fish_Crow/Fish_Crow_0056_25851.jpg', '1701': '030.Fish_Crow/Fish_Crow_0016_25854.jpg'}
{'colour_mode': 'rgb', 'data_path': 'h5images_short/resampled_16x16_directions_32_histnorm', 'epochs': 20, 'momentum': 0.9, 'lr_start': 0.001, 'lr_ep_step': 20, 'lr_adaption': 0.5, 'test_ratio': 0.1, 'batch_size': 128, 'directions': 32, 'resampled_size': (16, 16), 'cuda': False}
Data setup...
Loading providers
Merging providers
Create data loader...
Creating network
['dim_0_dir_0_red', 'dim_0_dir_1_red', 'dTraceback (most recent call last):
  File "slayer_network_rgb.py", line 387, in <module>
    mean = train_network(params)
  File "slayer_network_rgb.py", line 352, in train_network
    trainer.run()
  File "/home/amahon/research/deep_homology/chofer_nips2017/chofer_torchex/chofer_torchex/utils/trainer/trainer.py", line 91, in run
    self._train_epoch()
  File "/home/amahon/research/deep_homology/chofer_nips2017/chofer_torchex/chofer_torchex/utils/trainer/trainer.py", line 128, in _train_epoch
    self.optimizer.step(closure)
  File "/home/amahon/.local/lib/python3.7/site-packages/torch/optim/sgd.py", line 80, in step
    loss = closure()
  File "/home/amahon/research/deep_homology/chofer_nips2017/chofer_torchex/chofer_torchex/utils/trainer/trainer.py", line 117, in closure
    batch_output = self.model(batch_input)
  File "/home/amahon/.local/lib/python3.7/site-packages/torch/nn/modules/module.py", line 493, in __call__
    result = self.forward(*input, **kwargs)
  File "slayer_network_rgb.py", line 187, in forward
    x = [l(xx) for l, xx in zip(self.stage_1, x)]
  File "slayer_network_rgb.py", line 187, in <listcomp>
    x = [l(xx) for l, xx in zip(self.stage_1, x)]
  File "/home/amahon/.local/lib/python3.7/site-packages/torch/nn/modules/module.py", line 493, in __call__
    result = self.forward(*input, **kwargs)
  File "/home/amahon/.local/lib/python3.7/site-packages/torch/nn/modules/container.py", line 92, in forward
    input = module(input)
  File "/home/amahon/.local/lib/python3.7/site-packages/torch/nn/modules/module.py", line 493, in __call__
    result = self.forward(*input, **kwargs)
  File "/home/amahon/.local/lib/python3.7/site-packages/torch/nn/modules/batchnorm.py", line 83, in forward
    exponential_average_factor, self.eps)
  File "/home/amahon/.local/lib/python3.7/site-packages/torch/nn/functional.py", line 1697, in batch_norm
    training, momentum, eps, torch.backends.cudnn.enabled
RuntimeError: running_mean should contain 128 elements not 8
-sl_1
Skipping pht_sl-sl_2
Skipping pht_sl-sl_3
Skipping pht_sl-sl_4
Skipping pht_sl-sl_5
Skipping pht_sl-sl_6
Skipping pht_sl-sl_7
Skipping pht_sl-sl_8
Skipping pht_sl-sl_9
Skipping pht_sl-sl_10
Skipping pht_sl-sl_11
Skipping pht_sl-sl_12
Skipping pht_sl-sl_13
Skipping pht_sl-sl_14
Skipping pht_sl-sl_15
Skipping pht_sl-sl_16
Skipping pht_sl-sl_17
Skipping pht_sl-sl_18
Skipping pht_sl-sl_19
Skipping pht_sl-sl_20
Skipping pht_sl-sl_21
Skipping pht_sl-sl_22
Skipping pht_sl-sl_23
Skipping pht_sl-sl_24
Skipping pht_sl-sl_25
Skipping pht_sl-sl_26
Skipping pht_sl-sl_27
Skipping pht_sl-sl_28
Skipping pht_sl-sl_29
Skipping pht_sl-sl_30
Skipping pht_sl-sl_31
Skipping pht_sl-sl_32
Skipping pht_sl-sl_33
Skipping pht_sl-sl_34
Skipping pht_sl-sl_35
Skipping pht_sl-sl_36
Skipping pht_sl-sl_37
Skipping pht_sl-sl_38
Skipping pht_sl-sl_39
Skipping pht_sl-sl_40
Skipping pht_sl-sl_41
Skipping pht_sl-sl_42
Skipping pht_sl-sl_43
Skipping pht_sl-sl_44
Skipping pht_sl-sl_45
Skipping pht_sl-sl_46
Skipping pht_sl-sl_47
Skipping pht_sl-sl_48
Skipping pht_sl-sl_49
Skipping pht_sl-sl_50
Skipping pht_sl-sl_51
Skipping pht_sl-sl_52
Skipping pht_sl-sl_53
Skipping pht_sl-sl_54
Skipping pht_sl-sl_55
Skipping pht_sl-sl_56
Skipping pht_sl-sl_57
Skipping pht_sl-sl_58
Skipping pht_sl-sl_59
Skipping pht_sl-sl_60
Skipping pht_sl-sl_61
Skipping pht_sl-sl_62
Skipping pht_sl-sl_63
Skipping pht_sl-sl_64
Skipping pht_sl-sl_65
Skipping pht_sl-sl_66
Skipping pht_sl-sl_67
Skipping pht_sl-sl_68
Skipping pht_sl-sl_69
Skipping pht_sl-sl_70
Skipping pht_sl-sl_71
Skipping pht_sl-sl_72
Skipping pht_sl-sl_73
Skipping pht_sl-sl_74
Skipping pht_sl-sl_75
Skipping pht_sl-sl_76
Skipping pht_sl-sl_77
Skipping pht_sl-sl_78
Skipping pht_sl-sl_79
Skipping pht_sl-sl_80
Skipping pht_sl-sl_81
Skipping pht_sl-sl_82
Skipping pht_sl-sl_83
Skipping pht_sl-sl_84
Skipping pht_sl-sl_85
Skipping pht_sl-sl_86
Skipping pht_sl-sl_87
Skipping pht_sl-sl_88
Skipping pht_sl-sl_89
Skipping pht_sl-sl_90
Skipping pht_sl-sl_91
Skipping pht_sl-sl_92
Skipping pht_sl-sl_93
Skipping pht_sl-sl_94
Skipping pht_sl-sl_95
Skipping stage_1_0-conv_1
Skipping stage_1_0-batch_norm
Skipping stage_1_0-relu
Skipping stage_1_0-conv_2
Skipping stage_1_1-conv_1
Skipping stage_1_1-batch_norm
Skipping stage_1_1-relu
Skipping stage_1_1-conv_2
Skipping stage_1_2-conv_1
Skipping stage_1_2-batch_norm
Skipping stage_1_2-relu
Skipping stage_1_2-conv_2
Skipping stage_1_3-conv_1
Skipping stage_1_3-batch_norm
Skipping stage_1_3-relu
Skipping stage_1_3-conv_2
Skipping stage_1_4-conv_1
Skipping stage_1_4-batch_norm
Skipping stage_1_4-relu
Skipping stage_1_4-conv_2
Skipping stage_1_5-conv_1
Skipping stage_1_5-batch_norm
Skipping stage_1_5-relu
Skipping stage_1_5-conv_2
Skipping stage_1_6-conv_1
Skipping stage_1_6-batch_norm
Skipping stage_1_6-relu
Skipping stage_1_6-conv_2
Skipping stage_1_7-conv_1
Skipping stage_1_7-batch_norm
Skipping stage_1_7-relu
Skipping stage_1_7-conv_2
Skipping stage_1_8-conv_1
Skipping stage_1_8-batch_norm
Skipping stage_1_8-relu
Skipping stage_1_8-conv_2
Skipping stage_1_9-conv_1
Skipping stage_1_9-batch_norm
Skipping stage_1_9-relu
Skipping stage_1_9-conv_2
Skipping stage_1_10-conv_1
Skipping stage_1_10-batch_norm
Skipping stage_1_10-relu
Skipping stage_1_10-conv_2
Skipping stage_1_11-conv_1
Skipping stage_1_11-batch_norm
Skipping stage_1_11-relu
Skipping stage_1_11-conv_2
Skipping stage_1_12-conv_1
Skipping stage_1_12-batch_norm
Skipping stage_1_12-relu
Skipping stage_1_12-conv_2
Skipping stage_1_13-conv_1
Skipping stage_1_13-batch_norm
Skipping stage_1_13-relu
Skipping stage_1_13-conv_2
Skipping stage_1_14-conv_1
Skipping stage_1_14-batch_norm
Skipping stage_1_14-relu
Skipping stage_1_14-conv_2
Skipping stage_1_15-conv_1
Skipping stage_1_15-batch_norm
Skipping stage_1_15-relu
Skipping stage_1_15-conv_2
Skipping stage_1_16-conv_1
Skipping stage_1_16-batch_norm
Skipping stage_1_16-relu
Skipping stage_1_16-conv_2
Skipping stage_1_17-conv_1
Skipping stage_1_17-batch_norm
Skipping stage_1_17-relu
Skipping stage_1_17-conv_2
Skipping stage_1_18-conv_1
Skipping stage_1_18-batch_norm
Skipping stage_1_18-relu
Skipping stage_1_18-conv_2
Skipping stage_1_19-conv_1
Skipping stage_1_19-batch_norm
Skipping stage_1_19-relu
Skipping stage_1_19-conv_2
Skipping stage_1_20-conv_1
Skipping stage_1_20-batch_norm
Skipping stage_1_20-relu
Skipping stage_1_20-conv_2
Skipping stage_1_21-conv_1
Skipping stage_1_21-batch_norm
Skipping stage_1_21-relu
Skipping stage_1_21-conv_2
Skipping stage_1_22-conv_1
Skipping stage_1_22-batch_norm
Skipping stage_1_22-relu
Skipping stage_1_22-conv_2
Skipping stage_1_23-conv_1
Skipping stage_1_23-batch_norm
Skipping stage_1_23-relu
Skipping stage_1_23-conv_2
Skipping stage_1_24-conv_1
Skipping stage_1_24-batch_norm
Skipping stage_1_24-relu
Skipping stage_1_24-conv_2
Skipping stage_1_25-conv_1
Skipping stage_1_25-batch_norm
Skipping stage_1_25-relu
Skipping stage_1_25-conv_2
Skipping stage_1_26-conv_1
Skipping stage_1_26-batch_norm
Skipping stage_1_26-relu
Skipping stage_1_26-conv_2
Skipping stage_1_27-conv_1
Skipping stage_1_27-batch_norm
Skipping stage_1_27-relu
Skipping stage_1_27-conv_2
Skipping stage_1_28-conv_1
Skipping stage_1_28-batch_norm
Skipping stage_1_28-relu
Skipping stage_1_28-conv_2
Skipping stage_1_29-conv_1
Skipping stage_1_29-batch_norm
Skipping stage_1_29-relu
Skipping stage_1_29-conv_2
Skipping stage_1_30-conv_1
Skipping stage_1_30-batch_norm
Skipping stage_1_30-relu
Skipping stage_1_30-conv_2
Skipping stage_1_31-conv_1
Skipping stage_1_31-batch_norm
Skipping stage_1_31-relu
Skipping stage_1_31-conv_2
Skipping stage_1_32-conv_1
Skipping stage_1_32-batch_norm
Skipping stage_1_32-relu
Skipping stage_1_32-conv_2
Skipping stage_1_33-conv_1
Skipping stage_1_33-batch_norm
Skipping stage_1_33-relu
Skipping stage_1_33-conv_2
Skipping stage_1_34-conv_1
Skipping stage_1_34-batch_norm
Skipping stage_1_34-relu
Skipping stage_1_34-conv_2
Skipping stage_1_35-conv_1
Skipping stage_1_35-batch_norm
Skipping stage_1_35-relu
Skipping stage_1_35-conv_2
Skipping stage_1_36-conv_1
Skipping stage_1_36-batch_norm
Skipping stage_1_36-relu
Skipping stage_1_36-conv_2
Skipping stage_1_37-conv_1
Skipping stage_1_37-batch_norm
Skipping stage_1_37-relu
Skipping stage_1_37-conv_2
Skipping stage_1_38-conv_1
Skipping stage_1_38-batch_norm
Skipping stage_1_38-relu
Skipping stage_1_38-conv_2
Skipping stage_1_39-conv_1
Skipping stage_1_39-batch_norm
Skipping stage_1_39-relu
Skipping stage_1_39-conv_2
Skipping stage_1_40-conv_1
Skipping stage_1_40-batch_norm
Skipping stage_1_40-relu
Skipping stage_1_40-conv_2
Skipping stage_1_41-conv_1
Skipping stage_1_41-batch_norm
Skipping stage_1_41-relu
Skipping stage_1_41-conv_2
Skipping stage_1_42-conv_1
Skipping stage_1_42-batch_norm
Skipping stage_1_42-relu
Skipping stage_1_42-conv_2
Skipping stage_1_43-conv_1
Skipping stage_1_43-batch_norm
Skipping stage_1_43-relu
Skipping stage_1_43-conv_2
Skipping stage_1_44-conv_1
Skipping stage_1_44-batch_norm
Skipping stage_1_44-relu
Skipping stage_1_44-conv_2
Skipping stage_1_45-conv_1
Skipping stage_1_45-batch_norm
Skipping stage_1_45-relu
Skipping stage_1_45-conv_2
Skipping stage_1_46-conv_1
Skipping stage_1_46-batch_norm
Skipping stage_1_46-relu
Skipping stage_1_46-conv_2
Skipping stage_1_47-conv_1
Skipping stage_1_47-batch_norm
Skipping stage_1_47-relu
Skipping stage_1_47-conv_2
Skipping stage_1_48-conv_1
Skipping stage_1_48-batch_norm
Skipping stage_1_48-relu
Skipping stage_1_48-conv_2
Skipping stage_1_49-conv_1
Skipping stage_1_49-batch_norm
Skipping stage_1_49-relu
Skipping stage_1_49-conv_2
Skipping stage_1_50-conv_1
Skipping stage_1_50-batch_norm
Skipping stage_1_50-relu
Skipping stage_1_50-conv_2
Skipping stage_1_51-conv_1
Skipping stage_1_51-batch_norm
Skipping stage_1_51-relu
Skipping stage_1_51-conv_2
Skipping stage_1_52-conv_1
Skipping stage_1_52-batch_norm
Skipping stage_1_52-relu
Skipping stage_1_52-conv_2
Skipping stage_1_53-conv_1
Skipping stage_1_53-batch_norm
Skipping stage_1_53-relu
Skipping stage_1_53-conv_2
Skipping stage_1_54-conv_1
Skipping stage_1_54-batch_norm
Skipping stage_1_54-relu
Skipping stage_1_54-conv_2
Skipping stage_1_55-conv_1
Skipping stage_1_55-batch_norm
Skipping stage_1_55-relu
Skipping stage_1_55-conv_2
Skipping stage_1_56-conv_1
Skipping stage_1_56-batch_norm
Skipping stage_1_56-relu
Skipping stage_1_56-conv_2
Skipping stage_1_57-conv_1
Skipping stage_1_57-batch_norm
Skipping stage_1_57-relu
Skipping stage_1_57-conv_2
Skipping stage_1_58-conv_1
Skipping stage_1_58-batch_norm
Skipping stage_1_58-relu
Skipping stage_1_58-conv_2
Skipping stage_1_59-conv_1
Skipping stage_1_59-batch_norm
Skipping stage_1_59-relu
Skipping stage_1_59-conv_2
Skipping stage_1_60-conv_1
Skipping stage_1_60-batch_norm
Skipping stage_1_60-relu
Skipping stage_1_60-conv_2
Skipping stage_1_61-conv_1
Skipping stage_1_61-batch_norm
Skipping stage_1_61-relu
Skipping stage_1_61-conv_2
Skipping stage_1_62-conv_1
Skipping stage_1_62-batch_norm
Skipping stage_1_62-relu
Skipping stage_1_62-conv_2
Skipping stage_1_63-conv_1
Skipping stage_1_63-batch_norm
Skipping stage_1_63-relu
Skipping stage_1_63-conv_2
Skipping stage_1_64-conv_1
Skipping stage_1_64-batch_norm
Skipping stage_1_64-relu
Skipping stage_1_64-conv_2
Skipping stage_1_65-conv_1
Skipping stage_1_65-batch_norm
Skipping stage_1_65-relu
Skipping stage_1_65-conv_2
Skipping stage_1_66-conv_1
Skipping stage_1_66-batch_norm
Skipping stage_1_66-relu
Skipping stage_1_66-conv_2
Skipping stage_1_67-conv_1
Skipping stage_1_67-batch_norm
Skipping stage_1_67-relu
Skipping stage_1_67-conv_2
Skipping stage_1_68-conv_1
Skipping stage_1_68-batch_norm
Skipping stage_1_68-relu
Skipping stage_1_68-conv_2
Skipping stage_1_69-conv_1
Skipping stage_1_69-batch_norm
Skipping stage_1_69-relu
Skipping stage_1_69-conv_2
Skipping stage_1_70-conv_1
Skipping stage_1_70-batch_norm
Skipping stage_1_70-relu
Skipping stage_1_70-conv_2
Skipping stage_1_71-conv_1
Skipping stage_1_71-batch_norm
Skipping stage_1_71-relu
Skipping stage_1_71-conv_2
Skipping stage_1_72-conv_1
Skipping stage_1_72-batch_norm
Skipping stage_1_72-relu
Skipping stage_1_72-conv_2
Skipping stage_1_73-conv_1
Skipping stage_1_73-batch_norm
Skipping stage_1_73-relu
Skipping stage_1_73-conv_2
Skipping stage_1_74-conv_1
Skipping stage_1_74-batch_norm
Skipping stage_1_74-relu
Skipping stage_1_74-conv_2
Skipping stage_1_75-conv_1
Skipping stage_1_75-batch_norm
Skipping stage_1_75-relu
Skipping stage_1_75-conv_2
Skipping stage_1_76-conv_1
Skipping stage_1_76-batch_norm
Skipping stage_1_76-relu
Skipping stage_1_76-conv_2
Skipping stage_1_77-conv_1
Skipping stage_1_77-batch_norm
Skipping stage_1_77-relu
Skipping stage_1_77-conv_2
Skipping stage_1_78-conv_1
Skipping stage_1_78-batch_norm
Skipping stage_1_78-relu
Skipping stage_1_78-conv_2
Skipping stage_1_79-conv_1
Skipping stage_1_79-batch_norm
Skipping stage_1_79-relu
Skipping stage_1_79-conv_2
Skipping stage_1_80-conv_1
Skipping stage_1_80-batch_norm
Skipping stage_1_80-relu
Skipping stage_1_80-conv_2
Skipping stage_1_81-conv_1
Skipping stage_1_81-batch_norm
Skipping stage_1_81-relu
Skipping stage_1_81-conv_2
Skipping stage_1_82-conv_1
Skipping stage_1_82-batch_norm
Skipping stage_1_82-relu
Skipping stage_1_82-conv_2
Skipping stage_1_83-conv_1
Skipping stage_1_83-batch_norm
Skipping stage_1_83-relu
Skipping stage_1_83-conv_2
Skipping stage_1_84-conv_1
Skipping stage_1_84-batch_norm
Skipping stage_1_84-relu
Skipping stage_1_84-conv_2
Skipping stage_1_85-conv_1
Skipping stage_1_85-batch_norm
Skipping stage_1_85-relu
Skipping stage_1_85-conv_2
Skipping stage_1_86-conv_1
Skipping stage_1_86-batch_norm
Skipping stage_1_86-relu
Skipping stage_1_86-conv_2
Skipping stage_1_87-conv_1
Skipping stage_1_87-batch_norm
Skipping stage_1_87-relu
Skipping stage_1_87-conv_2
Skipping stage_1_88-conv_1
Skipping stage_1_88-batch_norm
Skipping stage_1_88-relu
Skipping stage_1_88-conv_2
Skipping stage_1_89-conv_1
Skipping stage_1_89-batch_norm
Skipping stage_1_89-relu
Skipping stage_1_89-conv_2
Skipping stage_1_90-conv_1
Skipping stage_1_90-batch_norm
Skipping stage_1_90-relu
Skipping stage_1_90-conv_2
Skipping stage_1_91-conv_1
Skipping stage_1_91-batch_norm
Skipping stage_1_91-relu
Skipping stage_1_91-conv_2
Skipping stage_1_92-conv_1
Skipping stage_1_92-batch_norm
Skipping stage_1_92-relu
Skipping stage_1_92-conv_2
Skipping stage_1_93-conv_1
Skipping stage_1_93-batch_norm
Skipping stage_1_93-relu
Skipping stage_1_93-conv_2
Skipping stage_1_94-conv_1
Skipping stage_1_94-batch_norm
Skipping stage_1_94-relu
Skipping stage_1_94-conv_2
Skipping stage_1_95-conv_1
Skipping stage_1_95-batch_norm
Skipping stage_1_95-relu
Skipping stage_1_95-conv_2
Skipping stage_2_0-batch_norm
Skipping stage_2_0-Dropout
added layer stage_2_0-linear_1
Skipping stage_2_0-relu
added layer stage_2_0-linear_2
Skipping stage_2_1-batch_norm
Skipping stage_2_1-Dropout
added layer stage_2_1-linear_1
Skipping stage_2_1-relu
added layer stage_2_1-linear_2
Skipping stage_2_2-batch_norm
Skipping stage_2_2-Dropout
added layer stage_2_2-linear_1
Skipping stage_2_2-relu
added layer stage_2_2-linear_2
Skipping stage_2_3-batch_norm
Skipping stage_2_3-Dropout
added layer stage_2_3-linear_1
Skipping stage_2_3-relu
added layer stage_2_3-linear_2
Skipping stage_2_4-batch_norm
Skipping stage_2_4-Dropout
added layer stage_2_4-linear_1
Skipping stage_2_4-relu
added layer stage_2_4-linear_2
Skipping stage_2_5-batch_norm
Skipping stage_2_5-Dropout
added layer stage_2_5-linear_1
Skipping stage_2_5-relu
added layer stage_2_5-linear_2
Skipping stage_2_6-batch_norm
Skipping stage_2_6-Dropout
added layer stage_2_6-linear_1
Skipping stage_2_6-relu
added layer stage_2_6-linear_2
Skipping stage_2_7-batch_norm
Skipping stage_2_7-Dropout
added layer stage_2_7-linear_1
Skipping stage_2_7-relu
added layer stage_2_7-linear_2
Skipping stage_2_8-batch_norm
Skipping stage_2_8-Dropout
added layer stage_2_8-linear_1
Skipping stage_2_8-relu
added layer stage_2_8-linear_2
Skipping stage_2_9-batch_norm
Skipping stage_2_9-Dropout
added layer stage_2_9-linear_1
Skipping stage_2_9-relu
added layer stage_2_9-linear_2
Skipping stage_2_10-batch_norm
Skipping stage_2_10-Dropout
added layer stage_2_10-linear_1
Skipping stage_2_10-relu
added layer stage_2_10-linear_2
Skipping stage_2_11-batch_norm
Skipping stage_2_11-Dropout
added layer stage_2_11-linear_1
Skipping stage_2_11-relu
added layer stage_2_11-linear_2
Skipping stage_2_12-batch_norm
Skipping stage_2_12-Dropout
added layer stage_2_12-linear_1
Skipping stage_2_12-relu
added layer stage_2_12-linear_2
Skipping stage_2_13-batch_norm
Skipping stage_2_13-Dropout
added layer stage_2_13-linear_1
Skipping stage_2_13-relu
added layer stage_2_13-linear_2
Skipping stage_2_14-batch_norm
Skipping stage_2_14-Dropout
added layer stage_2_14-linear_1
Skipping stage_2_14-relu
added layer stage_2_14-linear_2
Skipping stage_2_15-batch_norm
Skipping stage_2_15-Dropout
added layer stage_2_15-linear_1
Skipping stage_2_15-relu
added layer stage_2_15-linear_2
Skipping stage_2_16-batch_norm
Skipping stage_2_16-Dropout
added layer stage_2_16-linear_1
Skipping stage_2_16-relu
added layer stage_2_16-linear_2
Skipping stage_2_17-batch_norm
Skipping stage_2_17-Dropout
added layer stage_2_17-linear_1
Skipping stage_2_17-relu
added layer stage_2_17-linear_2
Skipping stage_2_18-batch_norm
Skipping stage_2_18-Dropout
added layer stage_2_18-linear_1
Skipping stage_2_18-relu
added layer stage_2_18-linear_2
Skipping stage_2_19-batch_norm
Skipping stage_2_19-Dropout
added layer stage_2_19-linear_1
Skipping stage_2_19-relu
added layer stage_2_19-linear_2
Skipping stage_2_20-batch_norm
Skipping stage_2_20-Dropout
added layer stage_2_20-linear_1
Skipping stage_2_20-relu
added layer stage_2_20-linear_2
Skipping stage_2_21-batch_norm
Skipping stage_2_21-Dropout
added layer stage_2_21-linear_1
Skipping stage_2_21-relu
added layer stage_2_21-linear_2
Skipping stage_2_22-batch_norm
Skipping stage_2_22-Dropout
added layer stage_2_22-linear_1
Skipping stage_2_22-relu
added layer stage_2_22-linear_2
Skipping stage_2_23-batch_norm
Skipping stage_2_23-Dropout
added layer stage_2_23-linear_1
Skipping stage_2_23-relu
added layer stage_2_23-linear_2
Skipping stage_2_24-batch_norm
Skipping stage_2_24-Dropout
added layer stage_2_24-linear_1
Skipping stage_2_24-relu
added layer stage_2_24-linear_2
Skipping stage_2_25-batch_norm
Skipping stage_2_25-Dropout
added layer stage_2_25-linear_1
Skipping stage_2_25-relu
added layer stage_2_25-linear_2
Skipping stage_2_26-batch_norm
Skipping stage_2_26-Dropout
added layer stage_2_26-linear_1
Skipping stage_2_26-relu
added layer stage_2_26-linear_2
Skipping stage_2_27-batch_norm
Skipping stage_2_27-Dropout
added layer stage_2_27-linear_1
Skipping stage_2_27-relu
added layer stage_2_27-linear_2
Skipping stage_2_28-batch_norm
Skipping stage_2_28-Dropout
added layer stage_2_28-linear_1
Skipping stage_2_28-relu
added layer stage_2_28-linear_2
Skipping stage_2_29-batch_norm
Skipping stage_2_29-Dropout
added layer stage_2_29-linear_1
Skipping stage_2_29-relu
added layer stage_2_29-linear_2
Skipping stage_2_30-batch_norm
Skipping stage_2_30-Dropout
added layer stage_2_30-linear_1
Skipping stage_2_30-relu
added layer stage_2_30-linear_2
Skipping stage_2_31-batch_norm
Skipping stage_2_31-Dropout
added layer stage_2_31-linear_1
Skipping stage_2_31-relu
added layer stage_2_31-linear_2
Skipping stage_2_32-batch_norm
Skipping stage_2_32-Dropout
added layer stage_2_32-linear_1
Skipping stage_2_32-relu
added layer stage_2_32-linear_2
Skipping stage_2_33-batch_norm
Skipping stage_2_33-Dropout
added layer stage_2_33-linear_1
Skipping stage_2_33-relu
added layer stage_2_33-linear_2
Skipping stage_2_34-batch_norm
Skipping stage_2_34-Dropout
added layer stage_2_34-linear_1
Skipping stage_2_34-relu
added layer stage_2_34-linear_2
Skipping stage_2_35-batch_norm
Skipping stage_2_35-Dropout
added layer stage_2_35-linear_1
Skipping stage_2_35-relu
added layer stage_2_35-linear_2
Skipping stage_2_36-batch_norm
Skipping stage_2_36-Dropout
added layer stage_2_36-linear_1
Skipping stage_2_36-relu
added layer stage_2_36-linear_2
Skipping stage_2_37-batch_norm
Skipping stage_2_37-Dropout
added layer stage_2_37-linear_1
Skipping stage_2_37-relu
added layer stage_2_37-linear_2
Skipping stage_2_38-batch_norm
Skipping stage_2_38-Dropout
added layer stage_2_38-linear_1
Skipping stage_2_38-relu
added layer stage_2_38-linear_2
Skipping stage_2_39-batch_norm
Skipping stage_2_39-Dropout
added layer stage_2_39-linear_1
Skipping stage_2_39-relu
added layer stage_2_39-linear_2
Skipping stage_2_40-batch_norm
Skipping stage_2_40-Dropout
added layer stage_2_40-linear_1
Skipping stage_2_40-relu
added layer stage_2_40-linear_2
Skipping stage_2_41-batch_norm
Skipping stage_2_41-Dropout
added layer stage_2_41-linear_1
Skipping stage_2_41-relu
added layer stage_2_41-linear_2
Skipping stage_2_42-batch_norm
Skipping stage_2_42-Dropout
added layer stage_2_42-linear_1
Skipping stage_2_42-relu
added layer stage_2_42-linear_2
Skipping stage_2_43-batch_norm
Skipping stage_2_43-Dropout
added layer stage_2_43-linear_1
Skipping stage_2_43-relu
added layer stage_2_43-linear_2
Skipping stage_2_44-batch_norm
Skipping stage_2_44-Dropout
added layer stage_2_44-linear_1
Skipping stage_2_44-relu
added layer stage_2_44-linear_2
Skipping stage_2_45-batch_norm
Skipping stage_2_45-Dropout
added layer stage_2_45-linear_1
Skipping stage_2_45-relu
added layer stage_2_45-linear_2
Skipping stage_2_46-batch_norm
Skipping stage_2_46-Dropout
added layer stage_2_46-linear_1
Skipping stage_2_46-relu
added layer stage_2_46-linear_2
Skipping stage_2_47-batch_norm
Skipping stage_2_47-Dropout
added layer stage_2_47-linear_1
Skipping stage_2_47-relu
added layer stage_2_47-linear_2
Skipping stage_2_48-batch_norm
Skipping stage_2_48-Dropout
added layer stage_2_48-linear_1
Skipping stage_2_48-relu
added layer stage_2_48-linear_2
Skipping stage_2_49-batch_norm
Skipping stage_2_49-Dropout
added layer stage_2_49-linear_1
Skipping stage_2_49-relu
added layer stage_2_49-linear_2
Skipping stage_2_50-batch_norm
Skipping stage_2_50-Dropout
added layer stage_2_50-linear_1
Skipping stage_2_50-relu
added layer stage_2_50-linear_2
Skipping stage_2_51-batch_norm
Skipping stage_2_51-Dropout
added layer stage_2_51-linear_1
Skipping stage_2_51-relu
added layer stage_2_51-linear_2
Skipping stage_2_52-batch_norm
Skipping stage_2_52-Dropout
added layer stage_2_52-linear_1
Skipping stage_2_52-relu
added layer stage_2_52-linear_2
Skipping stage_2_53-batch_norm
Skipping stage_2_53-Dropout
added layer stage_2_53-linear_1
Skipping stage_2_53-relu
added layer stage_2_53-linear_2
Skipping stage_2_54-batch_norm
Skipping stage_2_54-Dropout
added layer stage_2_54-linear_1
Skipping stage_2_54-relu
added layer stage_2_54-linear_2
Skipping stage_2_55-batch_norm
Skipping stage_2_55-Dropout
added layer stage_2_55-linear_1
Skipping stage_2_55-relu
added layer stage_2_55-linear_2
Skipping stage_2_56-batch_norm
Skipping stage_2_56-Dropout
added layer stage_2_56-linear_1
Skipping stage_2_56-relu
added layer stage_2_56-linear_2
Skipping stage_2_57-batch_norm
Skipping stage_2_57-Dropout
added layer stage_2_57-linear_1
Skipping stage_2_57-relu
added layer stage_2_57-linear_2
Skipping stage_2_58-batch_norm
Skipping stage_2_58-Dropout
added layer stage_2_58-linear_1
Skipping stage_2_58-relu
added layer stage_2_58-linear_2
Skipping stage_2_59-batch_norm
Skipping stage_2_59-Dropout
added layer stage_2_59-linear_1
Skipping stage_2_59-relu
added layer stage_2_59-linear_2
Skipping stage_2_60-batch_norm
Skipping stage_2_60-Dropout
added layer stage_2_60-linear_1
Skipping stage_2_60-relu
added layer stage_2_60-linear_2
Skipping stage_2_61-batch_norm
Skipping stage_2_61-Dropout
added layer stage_2_61-linear_1
Skipping stage_2_61-relu
added layer stage_2_61-linear_2
Skipping stage_2_62-batch_norm
Skipping stage_2_62-Dropout
added layer stage_2_62-linear_1
Skipping stage_2_62-relu
added layer stage_2_62-linear_2
Skipping stage_2_63-batch_norm
Skipping stage_2_63-Dropout
added layer stage_2_63-linear_1
Skipping stage_2_63-relu
added layer stage_2_63-linear_2
Skipping stage_2_64-batch_norm
Skipping stage_2_64-Dropout
added layer stage_2_64-linear_1
Skipping stage_2_64-relu
added layer stage_2_64-linear_2
Skipping stage_2_65-batch_norm
Skipping stage_2_65-Dropout
added layer stage_2_65-linear_1
Skipping stage_2_65-relu
added layer stage_2_65-linear_2
Skipping stage_2_66-batch_norm
Skipping stage_2_66-Dropout
added layer stage_2_66-linear_1
Skipping stage_2_66-relu
added layer stage_2_66-linear_2
Skipping stage_2_67-batch_norm
Skipping stage_2_67-Dropout
added layer stage_2_67-linear_1
Skipping stage_2_67-relu
added layer stage_2_67-linear_2
Skipping stage_2_68-batch_norm
Skipping stage_2_68-Dropout
added layer stage_2_68-linear_1
Skipping stage_2_68-relu
added layer stage_2_68-linear_2
Skipping stage_2_69-batch_norm
Skipping stage_2_69-Dropout
added layer stage_2_69-linear_1
Skipping stage_2_69-relu
added layer stage_2_69-linear_2
Skipping stage_2_70-batch_norm
Skipping stage_2_70-Dropout
added layer stage_2_70-linear_1
Skipping stage_2_70-relu
added layer stage_2_70-linear_2
Skipping stage_2_71-batch_norm
Skipping stage_2_71-Dropout
added layer stage_2_71-linear_1
Skipping stage_2_71-relu
added layer stage_2_71-linear_2
Skipping stage_2_72-batch_norm
Skipping stage_2_72-Dropout
added layer stage_2_72-linear_1
Skipping stage_2_72-relu
added layer stage_2_72-linear_2
Skipping stage_2_73-batch_norm
Skipping stage_2_73-Dropout
added layer stage_2_73-linear_1
Skipping stage_2_73-relu
added layer stage_2_73-linear_2
Skipping stage_2_74-batch_norm
Skipping stage_2_74-Dropout
added layer stage_2_74-linear_1
Skipping stage_2_74-relu
added layer stage_2_74-linear_2
Skipping stage_2_75-batch_norm
Skipping stage_2_75-Dropout
added layer stage_2_75-linear_1
Skipping stage_2_75-relu
added layer stage_2_75-linear_2
Skipping stage_2_76-batch_norm
Skipping stage_2_76-Dropout
added layer stage_2_76-linear_1
Skipping stage_2_76-relu
added layer stage_2_76-linear_2
Skipping stage_2_77-batch_norm
Skipping stage_2_77-Dropout
added layer stage_2_77-linear_1
Skipping stage_2_77-relu
added layer stage_2_77-linear_2
Skipping stage_2_78-batch_norm
Skipping stage_2_78-Dropout
added layer stage_2_78-linear_1
Skipping stage_2_78-relu
added layer stage_2_78-linear_2
Skipping stage_2_79-batch_norm
Skipping stage_2_79-Dropout
added layer stage_2_79-linear_1
Skipping stage_2_79-relu
added layer stage_2_79-linear_2
Skipping stage_2_80-batch_norm
Skipping stage_2_80-Dropout
added layer stage_2_80-linear_1
Skipping stage_2_80-relu
added layer stage_2_80-linear_2
Skipping stage_2_81-batch_norm
Skipping stage_2_81-Dropout
added layer stage_2_81-linear_1
Skipping stage_2_81-relu
added layer stage_2_81-linear_2
Skipping stage_2_82-batch_norm
Skipping stage_2_82-Dropout
added layer stage_2_82-linear_1
Skipping stage_2_82-relu
added layer stage_2_82-linear_2
Skipping stage_2_83-batch_norm
Skipping stage_2_83-Dropout
added layer stage_2_83-linear_1
Skipping stage_2_83-relu
added layer stage_2_83-linear_2
Skipping stage_2_84-batch_norm
Skipping stage_2_84-Dropout
added layer stage_2_84-linear_1
Skipping stage_2_84-relu
added layer stage_2_84-linear_2
Skipping stage_2_85-batch_norm
Skipping stage_2_85-Dropout
added layer stage_2_85-linear_1
Skipping stage_2_85-relu
added layer stage_2_85-linear_2
Skipping stage_2_86-batch_norm
Skipping stage_2_86-Dropout
added layer stage_2_86-linear_1
Skipping stage_2_86-relu
added layer stage_2_86-linear_2
Skipping stage_2_87-batch_norm
Skipping stage_2_87-Dropout
added layer stage_2_87-linear_1
Skipping stage_2_87-relu
added layer stage_2_87-linear_2
Skipping stage_2_88-batch_norm
Skipping stage_2_88-Dropout
added layer stage_2_88-linear_1
Skipping stage_2_88-relu
added layer stage_2_88-linear_2
Skipping stage_2_89-batch_norm
Skipping stage_2_89-Dropout
added layer stage_2_89-linear_1
Skipping stage_2_89-relu
added layer stage_2_89-linear_2
Skipping stage_2_90-batch_norm
Skipping stage_2_90-Dropout
added layer stage_2_90-linear_1
Skipping stage_2_90-relu
added layer stage_2_90-linear_2
Skipping stage_2_91-batch_norm
Skipping stage_2_91-Dropout
added layer stage_2_91-linear_1
Skipping stage_2_91-relu
added layer stage_2_91-linear_2
Skipping stage_2_92-batch_norm
Skipping stage_2_92-Dropout
added layer stage_2_92-linear_1
Skipping stage_2_92-relu
added layer stage_2_92-linear_2
Skipping stage_2_93-batch_norm
Skipping stage_2_93-Dropout
added layer stage_2_93-linear_1
Skipping stage_2_93-relu
added layer stage_2_93-linear_2
Skipping stage_2_94-batch_norm
Skipping stage_2_94-Dropout
added layer stage_2_94-linear_1
Skipping stage_2_94-relu
added layer stage_2_94-linear_2
Skipping stage_2_95-batch_norm
Skipping stage_2_95-Dropout
added layer stage_2_95-linear_1
Skipping stage_2_95-relu
added layer stage_2_95-linear_2
Skipping linear_1-batch_norm
Skipping linear_1-drop_out
added layer linear_1-linear
Skipping linear_1-relu
Skipping linear_1-batchnorm
Running training
