/home/amahon/research/deep_homology/chofer_nips2017/tda-toolkit/pershombox/_software_backends/resource_handler.py:91: UserWarning: The following backends are not properly configured
hera_wasserstein_dist
Using stuff dependent on those backends will cause runtime errors.
You can get all errors by calling pershombox.get_backend_cfg_errors().

  warnings.warn(error_text, UserWarning)
Using TensorFlow backend.
Traceback (most recent call last):
  File "slayer_network_rgb.py", line 432, in <module>
    mean = train_network(params)
  File "slayer_network_rgb.py", line 397, in train_network
    trainer.run()
  File "/home/amahon/research/deep_homology/chofer_nips2017/chofer_torchex/chofer_torchex/utils/trainer/trainer.py", line 93, in run
    self.events.post_epoch(self._get_default_event_kwargs(), trainer=self)
  File "/home/amahon/research/deep_homology/chofer_nips2017/chofer_torchex/chofer_torchex/utils/trainer/trainer.py", line 18, in __call__
    callback(**kwargs)
  File "/home/amahon/research/deep_homology/chofer_nips2017/chofer_torchex/chofer_torchex/utils/trainer/plugins/scores.py", line 58, in post_epoch_handler
    self.losses[epoch_count] = log_loss(target_list, predictions_list, labels=self._test_data.dataset.labels)
  File "/home/amahon/.local/lib/python3.7/site-packages/sklearn/metrics/classification.py", line 1813, in log_loss
    'labels: {0}'.format(lb.classes_))
ValueError: The number of classes in labels is different from that in y_pred. Classes found in labels: ['1' '10' '100' '101' '102' '103' '104' '105' '106' '107' '108' '109' '11'
 '110' '111' '112' '113' '114' '115' '116' '117' '118' '119' '12' '120'
 '121' '122' '123' '124' '125' '126' '127' '128' '129' '13' '130' '131'
 '132' '133' '134' '135' '136' '137' '138' '139' '14' '140' '141' '142'
 '143' '144' '145' '146' '147' '148' '149' '15' '150' '151' '152' '153'
 '154' '155' '156' '157' '158' '159' '16' '160' '161' '162' '163' '164'
 '165' '166' '167' '168' '169' '17' '170' '171' '172' '173' '174' '175'
 '176' '177' '178' '179' '18' '180' '181' '182' '183' '184' '185' '186'
 '187' '188' '189' '19' '190' '191' '192' '193' '194' '195' '196' '197'
 '198' '199' '2' '20' '200' '21' '22' '23' '24' '25' '26' '27' '28' '29'
 '3' '30' '31' '32' '33' '34' '35' '36' '37' '38' '39' '4' '40' '41' '42'
 '43' '44' '45' '46' '47' '48' '49' '5' '50' '51' '52' '53' '54' '55' '56'
 '57' '58' '59' '6' '60' '61' '62' '63' '64' '65' '66' '67' '68' '69' '7'
 '70' '71' '72' '73' '74' '75' '76' '77' '78' '79' '8' '80' '81' '82' '83'
 '84' '85' '86' '87' '88' '89' '9' '90' '91' '92' '93' '94' '95' '96' '97'
 '98' '99']
_blue', 'dim_0_dir_27_blue', 'dim_0_dir_28_blue', 'dim_0_dir_29_blue', 'dim_0_dir_3_blue', 'dim_0_dir_30_blue', 'dim_0_dir_31_blue', 'dim_0_dir_4_blue', 'dim_0_dir_5_blue', 'dim_0_dir_6_blue', 'dim_0_dir_7_blue', 'dim_0_dir_8_blue', 'dim_0_dir_9_blue']
Creating trainer
Running training
                                                  Epoch 1/100 Batch 1/9 (11.11 %)                                                  Epoch 1/100 Batch 2/9 (22.22 %)                                                  Epoch 1/100 Batch 3/9 (33.33 %)                                                  Epoch 1/100 Batch 4/9 (44.44 %)                                                  Epoch 1/100 Batch 5/9 (55.56 %)                                                  Epoch 1/100 Batch 6/9 (66.67 %)                                                  Epoch 1/100 Batch 7/9 (77.78 %)                                                  Epoch 1/100 Batch 8/9 (88.89 %)                                                  Epoch 1/100 Batch 9/9 (100.00 %)
testing... 