/home/amahon/research/deep_homology/chofer_nips2017/tda-toolkit/pershombox/_software_backends/resource_handler.py:91: UserWarning: The following backends are not properly configured
hera_wasserstein_dist
Using stuff dependent on those backends will cause runtime errors.
You can get all errors by calling pershombox.get_backend_cfg_errors().

  warnings.warn(error_text, UserWarning)
Using TensorFlow backend.
{'colour_mode': 'rgb', 'data_path': 'h5images_short/resampled_16x16_directions_32_histnorm', 'epochs': 100, 'momentum': 0.9, 'lr_start': 0.0005, 'lr_ep_step': 5, 'lr_adaption': 0.5, 'test_ratio': 0.1, 'batch_size': 8, 'directions': 32, 'resampled_size': (16, 16), 'sat_key': '100_epoch_lr_00005_quick_lr_2_convs_dense_linear_one_layer_AdaptiveMaxPool32_shore', 'cuda': False}
Data setup...
Loading providers
Merging providers
Create data loader...
Creating network
['dim_0_dir_0_red', 'dim_0_dir_1_red', 'dim_0_dir_10_red', 'dim_0_dir_11_red', 'dim_0_dir_12_red', 'dim_0_dir_13_red', 'dim_0_dir_14_red', 'dim_0_dir_15_red', 'dim_0_dir_16_red', 'dim_0_dir_17_red', 'dim_0_dir_18_red', 'dim_0_dir_19_red', 'dim_0_dir_2_red', 'dim_0_dir_20_red', 'dim_0_dir_21_red', 'dim_0_dir_22_red', 'dim_0_dir_23_red', 'dim_0_dir_24_red', 'dim_0_dir_25_red', 'dim_0_dir_26_red', 'dim_0_dir_27_red', 'dim_0_dir_28_red', 'dim_0_dir_29_red', 'dim_0_dir_3_red', 'dim_0_dir_30_red', 'dim_0_dir_31_red', 'dim_0_dir_4_red', 'dim_0_dir_5_red', 'dim_0_dir_6_red', 'dim_0_dir_7_red', 'dim_0_dir_8_red', 'dim_0_dir_9_red', 'dim_0_dir_0_green', 'dim_0_dir_1_green', 'dim_0_dir_10_green', 'dim_0_dir_11_green', 'dim_0_dir_12_green', 'dim_0_dir_13_green', 'dim_0_dir_14_green', 'dim_0_dir_15_green', 'dim_0_dir_16_green', 'dim_0_dir_17_green', 'dim_0_dir_18_green', 'dim_0_dir_19_green', 'dim_0_dir_2_green', 'dim_0_dir_20_green', 'dim_0_dir_21_green', 'dim_0_dir_22_green', 'dim_0_dir_23_green', 'dim_0_dir_24_green', 'dim_0_dir_25_green', 'dim_0_dir_26_green', 'dim_0_dir_27_green', 'dim_0_dir_28_green', 'dim_0_dir_29_green', 'dim_0_dir_3_green', 'dim_0_dir_30_green', 'dim_0_dir_31_green', 'dim_0_dir_4_green', 'dim_0_dir_5_green', 'dim_0_dir_6_green', 'dim_0_dir_7_green', 'dim_0_dir_8_green', 'dim_0_dir_9_green', 'dim_0_dir_0_blue', 'dim_0_dir_1_blue', 'dim_0_dir_10_blue', 'dim_0_dir_11_blue', 'dim_0_dir_12_blue', 'dim_0_dir_13_blue', 'dim_0_dir_14_blue', 'dim_0_dir_15_blue', 'dim_0_dir_16_blue', 'dim_0_dir_17_blue', 'dim_0_dir_18_blue', 'dim_0_dir_19_blue', 'dim_0_dir_2_blue', 'dim_0_dir_20_blue', 'dim_0_dir_21_blue', 'dim_0_dir_22_blue', 'dim_0_dir_23_blue', 'dim_0_dir_24_blue', 'dim_0_dir_25_blue', 'dim_0_dir_26_blue', 'dim_0_dir_27_blue', 'dim_0_dir_28_blue', 'dim_0_dir_29_blue', 'dim_0_dir_3_blue', 'dim_0_dir_30_blue', 'dim_0_dir_31_blue', 'dim_0_dir_4_blue', 'dim_0_dir_5_blue', 'dim_0_dir_6_blue', 'dim_0_dir_7_blue', 'dim_0_dir_8_blue', 'dim_0_dir_9_blue']
Creating trainer
Running training
                                                  Epoch 1/100 Batch 1/9 (11.11 %)                                                  Epoch 1/100 Batch 2/9 (22.22 %)                                                  Epoch 1/100 Batch 3/9 (33.33 %)                                                  Epoch 1/100 Batch 4/9 (44.44 %)                                                  Epoch 1/100 Batch 5/9 (55.56 %)                                                  Epoch 1/100 Batch 6/9 (66.67 %)                                                  Epoch 1/100 Batch 7/9 (77.78 %)                                                  Epoch 1/100 Batch 8/9 (88.89 %)                                                  Epoch 1/100 Batch 9/9 (100.00 %)
testing... Traceback (most recent call last):
  File "slayer_network_rgb.py", line 432, in <module>
    mean = train_network(params)
  File "slayer_network_rgb.py", line 397, in train_network
    trainer.run()
  File "/home/amahon/research/deep_homology/chofer_nips2017/chofer_torchex/chofer_torchex/utils/trainer/trainer.py", line 93, in run
    self.events.post_epoch(self._get_default_event_kwargs(), trainer=self)
  File "/home/amahon/research/deep_homology/chofer_nips2017/chofer_torchex/chofer_torchex/utils/trainer/trainer.py", line 18, in __call__
    callback(**kwargs)
  File "/home/amahon/research/deep_homology/chofer_nips2017/chofer_torchex/chofer_torchex/utils/trainer/plugins/scores.py", line 62, in post_epoch_handler
    labels=self._test_data.dataset.labels)
  File "/home/amahon/.local/lib/python3.7/site-packages/sklearn/metrics/classification.py", line 1813, in log_loss
    'labels: {0}'.format(lb.classes_))
ValueError: The number of classes in labels is different from that in y_pred. Classes found in labels: ['1' '10' '100' '101' '102' '103' '104' '105' '106' '107' '108' '109' '11'
 '110' '111' '112' '113' '114' '115' '116' '117' '118' '119' '12' '120'
 '121' '122' '123' '124' '125' '126' '127' '128' '129' '13' '130' '131'
 '132' '133' '134' '135' '136' '137' '138' '139' '14' '140' '141' '142'
 '143' '144' '145' '146' '147' '148' '149' '15' '150' '151' '152' '153'
 '154' '155' '156' '157' '158' '159' '16' '160' '161' '162' '163' '164'
 '165' '166' '167' '168' '169' '17' '170' '171' '172' '173' '174' '175'
 '176' '177' '178' '179' '18' '180' '181' '182' '183' '184' '185' '186'
 '187' '188' '189' '19' '190' '191' '192' '193' '194' '195' '196' '197'
 '198' '199' '2' '20' '200' '21' '22' '23' '24' '25' '26' '27' '28' '29'
 '3' '30' '31' '32' '33' '34' '35' '36' '37' '38' '39' '4' '40' '41' '42'
 '43' '44' '45' '46' '47' '48' '49' '5' '50' '51' '52' '53' '54' '55' '56'
 '57' '58' '59' '6' '60' '61' '62' '63' '64' '65' '66' '67' '68' '69' '7'
 '70' '71' '72' '73' '74' '75' '76' '77' '78' '79' '8' '80' '81' '82' '83'
 '84' '85' '86' '87' '88' '89' '9' '90' '91' '92' '93' '94' '95' '96' '97'
 '98' '99']
