/home/amahon/deep_homology/chofer_nips2017/tda-toolkit/pershombox/_software_backends/resource_handler.py:91: UserWarning: The following backends are not properly configured
hera_wasserstein_dist
Using stuff dependent on those backends will cause runtime errors.
You can get all errors by calling pershombox.get_backend_cfg_errors().

  warnings.warn(error_text, UserWarning)
Traceback (most recent call last):
  File "slayer_network_rgb.py", line 379, in <module>
    mean = train_network(params)
  File "slayer_network_rgb.py", line 340, in train_network
    trainer = setup_trainer(model, params, data_train, data_test)
  File "slayer_network_rgb.py", line 301, in setup_trainer
    variable_created_by_model=True)
  File "/home/amahon/deep_homology/chofer_nips2017/chofer_torchex/chofer_torchex/utils/trainer/trainer.py", line 63, in __init__
    self.delve_stats = CheckLayerSat('logs.txt', 'runs', model)
  File "/home/amahon/deep_homology/delve/delve/torchcallback.py", line 69, in __init__
    self.writer = self._get_writer(save_to, savefile)
  File "/home/amahon/deep_homology/delve/delve/torchcallback.py", line 269, in _get_writer
    raise ValueError('Illegal argument for save_to "{}"'.format(save_to))
ValueError: Illegal argument for save_to "runs"
im_0_dir_4_red', 'dim_0_dir_5_red', 'dim_0_dir_6_red', 'dim_0_dir_7_red', 'dim_0_dir_8_red', 'dim_0_dir_9_red', 'dim_0_dir_0_green', 'dim_0_dir_1_green', 'dim_0_dir_10_green', 'dim_0_dir_11_green', 'dim_0_dir_12_green', 'dim_0_dir_13_green', 'dim_0_dir_14_green', 'dim_0_dir_15_green', 'dim_0_dir_16_green', 'dim_0_dir_17_green', 'dim_0_dir_18_green', 'dim_0_dir_19_green', 'dim_0_dir_2_green', 'dim_0_dir_20_green', 'dim_0_dir_21_green', 'dim_0_dir_22_green', 'dim_0_dir_23_green', 'dim_0_dir_24_green', 'dim_0_dir_25_green', 'dim_0_dir_26_green', 'dim_0_dir_27_green', 'dim_0_dir_28_green', 'dim_0_dir_29_green', 'dim_0_dir_3_green', 'dim_0_dir_30_green', 'dim_0_dir_31_green', 'dim_0_dir_4_green', 'dim_0_dir_5_green', 'dim_0_dir_6_green', 'dim_0_dir_7_green', 'dim_0_dir_8_green', 'dim_0_dir_9_green', 'dim_0_dir_0_blue', 'dim_0_dir_1_blue', 'dim_0_dir_10_blue', 'dim_0_dir_11_blue', 'dim_0_dir_12_blue', 'dim_0_dir_13_blue', 'dim_0_dir_14_blue', 'dim_0_dir_15_blue', 'dim_0_dir_16_blue', 'dim_0_dir_17_blue', 'dim_0_dir_18_blue', 'dim_0_dir_19_blue', 'dim_0_dir_2_blue', 'dim_0_dir_20_blue', 'dim_0_dir_21_blue', 'dim_0_dir_22_blue', 'dim_0_dir_23_blue', 'dim_0_dir_24_blue', 'dim_0_dir_25_blue', 'dim_0_dir_26_blue', 'dim_0_dir_27_blue', 'dim_0_dir_28_blue', 'dim_0_dir_29_blue', 'dim_0_dir_3_blue', 'dim_0_dir_30_blue', 'dim_0_dir_31_blue', 'dim_0_dir_4_blue', 'dim_0_dir_5_blue', 'dim_0_dir_6_blue', 'dim_0_dir_7_blue', 'dim_0_dir_8_blue', 'dim_0_dir_9_blue']
Creating trainer
Skipping slayerpht
