{'colour_mode': 'rgb', 'data_path': 'h5images/resampled_16x16_directions_32_histnorm', 'epochs': 300, 'momentum': 0.9, 'lr_start': 0.001, 'lr_ep_step': 20, 'lr_adaption': 0.5, 'test_ratio': 0.1, 'batch_size': 128, 'directions': 32, 'resampled_size': (16, 16), 'cuda': False}
Data setup...
Loading providers
get_backend_cfg_errors().

  warnings.warn(error_text, UserWarning)
Merging providers
Create data loader...
Creating network
['dim_0_dir_0_red', 'dim_0_dir_1_red', 'dim_0_dir_10_red', 'dim_0_dir_11_red', 'dim_0_dir_12_red', 'dim_0_dir_13_red', 'dim_0_dir_14_red', 'dim_0_dir_15_red', 'dim_0_dir_16_red', 'dim_0_dir_17_red', 'dim_0_dir_18_red', 'dim_0_dir_19_red', 'dim_0_dir_2_red', 'dim_0_dir_20_red', 'dim_0_dir_21_red', 'dim_0_dir_22_red', 'dim_0_dir_23_red', 'dim_0_dir_24_red', 'dim_0_dir_25_red', 'dim_0_dir_26_red', 'dim_0_dir_27_red', 'dim_0_dir_28_red', 'dim_0_dir_29_red', 'dim_0_dir_3_red', 'dim_0_dir_30_red', 'dim_0_dir_31_red', 'dim_0_dir_4_red', 'dim_0_dir_5_red', 'dim_0_dir_6_red', 'dim_0_dir_7_red', 'dim_0_dir_8_red', 'dim_0_dir_9_red', 'dim_0_dir_0_green', 'dim_0_dir_1_green', 'dim_0_dir_10_green', 'dim_0_dir_11_green', 'dim_0_dir_12_green', 'dim_0_dir_13_green', 'dim_0_dir_14_green', 'dim_0_dir_15_green', 'dim_0_dir_16_green', 'dim_0_dir_17_green', 'dim_0_dir_18_green', 'dim_0_dir_19_green', 'dim_0_dir_2_green', 'dim_0_dir_20_green', 'dim_0_dir_21_green', 'dim_0_dir_22_green', 'dim_0_dir_23_green', 'dim_0_dir_24_green', 'dim_0_dir_25_green', 'dim_0_dir_26_green', 'dim_0_dir_27_green', 'dim_0_dir_28_green', 'dim_0_dir_29_green', 'dim_0_dir_3_green', 'dim_0_dir_30_green', 'dim_0_dir_31_green', 'dim_0_dir_4_green', 'dim_0_dir_5_green', 'dim_0_dir_6_green', 'dim_0_dir_7_green', 'dim_0_dir_8_green', 'dim_0_dir_9_green', 'dim_0_dir_0_blue', 'dim_0_dir_1_blue', 'dim_0_dir_10_blue', 'dim_0_dir_11_blue', 'dim_0_dir_12_blue', 'dim_0_dir_13_blue', 'dim_0_dir_14_blue', 'dim_0_dir_15_blue', 'dim_0_dir_16_blue', 'dim_0_dir_17_blue', 'dim_0_dir_18_blue', 'dim_0_dir_19_blue', 'dim_0_dir_2_blue', 'dim_0_dir_20_blue', 'dim_0_dir_21_blue', 'dim_0_dir_22_blue', 'dim_0_dir_23_blue', 'dim_0_dir_24_blue', 'dim_0_dir_25_blue', 'dim_0_dir_26_blue', 'dim_0_dir_27_blue', 'dim_0_dir_28_blue', 'dim_0_dir_29_blue', 'dim_0_dir_3_blue', 'dim_0_dir_30_blue', 'dim_0_dir_31_blue', 'dim_0_dir_4_blue', 'dim_0_dir_5_blue', 'dim_0_dir_6_blue', 'dim_0_dir_7_blue', 'dim_0_dir_8_blue', 'dim_0_dir_9_blue']
Creating trainer
Running training
/home/amahon/.local/lib/python3.7/site-packages/torch/nn/modules/container.py:92: UserWarning: Implicit dimension choice for softmax has been deprecated. Change the call to include dim=X as an argument.
  input = module(input)
Traceback (most recent call last):
  File "slayer_network_rgb.py", line 379, in <module>
    mean = train_network(params)
  File "slayer_network_rgb.py", line 344, in train_network
    trainer.run()
  File "/home/amahon/deep_homology/chofer_nips2017/chofer_torchex/chofer_torchex/utils/trainer/trainer.py", line 94, in run
    self.events.post_epoch(post_epoch_payload, trainer=self)
  File "/home/amahon/deep_homology/chofer_nips2017/chofer_torchex/chofer_torchex/utils/trainer/trainer.py", line 19, in __call__
    callback(**kwargs)
  File "/home/amahon/deep_homology/chofer_nips2017/chofer_torchex/chofer_torchex/utils/trainer/plugins/scores.py", line 61, in post_epoch_handler
    self.log_losses[epoch_count] = log_loss(target_list, predictions_list)
  File "/home/amahon/.local/lib/python3.7/site-packages/sklearn/metrics/classification.py", line 1809, in log_loss
    lb.classes_))
ValueError: y_true and y_pred contain different number of classes 6, 2. Please provide the true labels explicitly through the labels argument. Classes found in y_true: [0 1 2 3 4 5]
Batch 13/21 (61.90 %)                                                  Epoch 1/300 Batch 14/21 (66.67 %)                                                  Epoch 1/300 Batch 15/21 (71.43 %)                                                  Epoch 1/300 Batch 16/21 (76.19 %)                                                  Epoch 1/300 Batch 17/21 (80.95 %)                                                  Epoch 1/300 Batch 18/21 (85.71 %)                                                  Epoch 1/300 Batch 19/21 (90.48 %)                                                  Epoch 1/300 Batch 20/21 (95.24 %)                                                  Epoch 1/300 Batch 21/21 (100.00 %)Epoch 1/300 Batch 21/21 (100.00 %), Loss: 110.875
testing... 